<?xml version="1.0" encoding="UTF-8"?>
<!-- Generated by org.testng.reporters.JUnitReportReporter -->
<testsuite skipped="0" hostname="DELL-PC" name="AmazonTestSuite.loginTestCases" tests="1" failures="0" timestamp="2020-05-12T17:47:32 AEST" time="81.979" errors="0">
  <testcase name="Amazonlogin" time="81.979" classname="AmazonTestSuite.loginTestCases"/>
  <system-out/>
</testsuite> <!-- AmazonTestSuite.loginTestCases -->
