<?xml version="1.0" encoding="UTF-8"?>
<!-- Generated by org.testng.reporters.JUnitReportReporter -->
<testsuite skipped="0" hostname="DELL-PC" name="AmazonTestSuite.loginTestCases" tests="1" failures="0" timestamp="2020-05-06T01:28:05 AEST" time="93.117" errors="0">
  <testcase name="Amazonlogin" time="93.117" classname="AmazonTestSuite.loginTestCases"/>
  <system-out/>
</testsuite> <!-- AmazonTestSuite.loginTestCases -->
